  [4;36;1mSQL (0.8ms)[0m   [0;1m SELECT name
 FROM sqlite_master
 WHERE type = 'table' AND NOT name = 'sqlite_sequence'
[0m
  [4;35;1mSQL (0.3ms)[0m   [0mselect sqlite_version(*)[0m
  [4;36;1mSQL (2.6ms)[0m   [0;1mCREATE TABLE "schema_migrations" ("version" varchar(255) NOT NULL) [0m
  [4;35;1mSQL (0.1ms)[0m   [0mPRAGMA index_list("schema_migrations")[0m
  [4;36;1mSQL (2.0ms)[0m   [0;1mCREATE UNIQUE INDEX "unique_schema_migrations" ON "schema_migrations" ("version")[0m
  [4;35;1mSQL (0.3ms)[0m   [0m SELECT name
 FROM sqlite_master
 WHERE type = 'table' AND NOT name = 'sqlite_sequence'
[0m
  [4;36;1mSQL (0.2ms)[0m   [0;1mSELECT version FROM schema_migrations[0m
Migrating to CreatePosts (20100908161201)
  [4;35;1mSQL (0.9ms)[0m   [0mCREATE TABLE "posts" ("id" INTEGER PRIMARY KEY AUTOINCREMENT NOT NULL, "title" varchar(255), "content" text, "created_at" datetime, "updated_at" datetime) [0m
  [4;36;1mSQL (0.2ms)[0m   [0;1mINSERT INTO schema_migrations (version) VALUES ('20100908161201')[0m
Migrating to CreateComments (20100908161211)
  [4;35;1mSQL (1.0ms)[0m   [0mCREATE TABLE "comments" ("id" INTEGER PRIMARY KEY AUTOINCREMENT NOT NULL, "post_id" integer, "title" varchar(255), "content" text, "created_at" datetime, "updated_at" datetime) [0m
  [4;36;1mSQL (0.2ms)[0m   [0;1mINSERT INTO schema_migrations (version) VALUES ('20100908161211')[0m
  [4;35;1mSQL (0.4ms)[0m   [0m SELECT name
 FROM sqlite_master
 WHERE type = 'table' AND NOT name = 'sqlite_sequence'
[0m
  [4;36;1mSQL (0.2ms)[0m   [0;1mSELECT version FROM schema_migrations[0m
  [4;35;1mSQL (0.2ms)[0m   [0m SELECT name
 FROM sqlite_master
 WHERE type = 'table' AND NOT name = 'sqlite_sequence'
[0m
  [4;36;1mSQL (0.1ms)[0m   [0;1mPRAGMA index_list("comments")[0m
  [4;35;1mSQL (0.1ms)[0m   [0mPRAGMA index_list("posts")[0m
  [4;36;1mComment Create (0.8ms)[0m   [0;1mINSERT INTO "comments" ("created_at", "title", "updated_at", "post_id", "content") VALUES('2010-09-08 16:15:54', NULL, '2010-09-08 16:15:54', NULL, NULL)[0m
  [4;35;1mComment Create (0.8ms)[0m   [0mINSERT INTO "comments" ("created_at", "title", "updated_at", "post_id", "content") VALUES('2010-09-08 16:17:52', NULL, '2010-09-08 16:17:52', NULL, NULL)[0m
  [4;36;1mComment Load (0.9ms)[0m   [0;1mSELECT * FROM "comments" ORDER BY created_at ASC[0m


Processing PostsController#index (for 127.0.0.1 at 2010-09-08 20:59:27) [GET]
Rendering template within layouts/application
Rendering posts/index

ActionView::TemplateError (You have a nil object when you didn't expect it!
You might have expected an instance of Array.
The error occurred while evaluating nil.each) on line #1 of app/views/posts/index.html.erb:
1: <%@posts.each do |post|%>
2:   <div class="post">
3:     <h1><%=link_to post.title, post_path(post)%></h1>
4:     <p><%=post.content%></p>

    app/views/posts/index.html.erb:1

Rendered rescues/_trace (145.9ms)
Rendered rescues/_request_and_response (2.3ms)
Rendering rescues/layout (internal_server_error)


Processing PostsController#index (for 127.0.0.1 at 2010-09-08 20:59:33) [GET]
Rendering template within layouts/application
Rendering posts/index

ActionView::TemplateError (You have a nil object when you didn't expect it!
You might have expected an instance of Array.
The error occurred while evaluating nil.each) on line #1 of app/views/posts/index.html.erb:
1: <%@posts.each do |post|%>
2:   <div class="post">
3:     <h1><%=link_to post.title, post_path(post)%></h1>
4:     <p><%=post.content%></p>

    app/views/posts/index.html.erb:1

Rendered rescues/_trace (152.7ms)
Rendered rescues/_request_and_response (2.0ms)
Rendering rescues/layout (internal_server_error)


Processing PostsController#index (for 127.0.0.1 at 2010-09-08 21:00:32) [GET]

NameError (uninitialized constant PostsController::Post):
  app/controllers/posts_controller.rb:3:in `index'

Rendered rescues/_trace (75.4ms)
Rendered rescues/_request_and_response (0.5ms)
Rendering rescues/layout (internal_server_error)


Processing PostsController#index (for 127.0.0.1 at 2010-09-08 21:01:35) [GET]
  [4;36;1mPost Load (1.2ms)[0m   [0;1mSELECT * FROM "posts" [0m
Rendering template within layouts/application
Rendering posts/index
Completed in 80ms (View: 3, DB: 1) | 200 OK [http://localhost/]


Processing PostsController#index (for 127.0.0.1 at 2010-09-08 21:02:03) [GET]
  [4;35;1mPost Load (0.6ms)[0m   [0mSELECT * FROM "posts" [0m
Rendering template within layouts/application
Rendering posts/index
Completed in 16ms (View: 8, DB: 1) | 200 OK [http://localhost/]


Processing PostsController#new (for 127.0.0.1 at 2010-09-08 21:02:05) [GET]

ActionController::UnknownAction (No action responded to new. Actions: index):
  

Rendering rescues/layout (not_found)


Processing PostsController#new (for 127.0.0.1 at 2010-09-08 21:03:03) [GET]

ActionView::MissingTemplate (Missing template posts/new.erb in view path app/views):
  

Rendering rescues/layout (internal_server_error)


Processing PostsController#new (for 127.0.0.1 at 2010-09-08 21:04:39) [GET]
Rendering template within layouts/application
Rendering posts/new
Completed in 82ms (View: 74, DB: 0) | 200 OK [http://localhost/posts/new]


Processing PostsController#new (for 127.0.0.1 at 2010-09-08 21:04:52) [GET]
Rendering template within layouts/application
Rendering posts/new
Completed in 25ms (View: 16, DB: 0) | 200 OK [http://localhost/posts/new]


Processing ApplicationController#index (for 127.0.0.1 at 2010-09-08 21:05:18) [POST]
  Parameters: {"commit"=>"Save", "post"=>{"title"=>"Title", "content"=>"Content"}, "authenticity_token"=>"f9JTGfmHX3Wknblc0dXgo0ECrgO3bozCYQfuaCxVke4="}

ActionController::MethodNotAllowed (Only get, put, and delete requests are allowed.):
  

Rendered rescues/_trace (192.1ms)
Rendered rescues/_request_and_response (0.6ms)
Rendering rescues/layout (method_not_allowed)


Processing PostsController#new (for 127.0.0.1 at 2010-09-08 21:05:35) [GET]
Rendering template within layouts/application
Rendering posts/new
Completed in 22ms (View: 14, DB: 0) | 200 OK [http://localhost/posts/new]


Processing PostsController#new (for 127.0.0.1 at 2010-09-08 21:05:36) [GET]
Rendering template within layouts/application
Rendering posts/new
Completed in 45ms (View: 30, DB: 0) | 200 OK [http://localhost/posts/new]


Processing PostsController#new (for 127.0.0.1 at 2010-09-08 21:06:59) [GET]
Rendering template within layouts/application
Rendering posts/new
Completed in 19ms (View: 10, DB: 0) | 200 OK [http://localhost/posts/new]


Processing PostsController#new (for 127.0.0.1 at 2010-09-08 21:07:05) [GET]
Rendering template within layouts/application
Rendering posts/new
Completed in 17ms (View: 8, DB: 0) | 200 OK [http://localhost/posts/new]


Processing PostsController#new (for 127.0.0.1 at 2010-09-08 21:07:08) [GET]
Rendering template within layouts/application
Rendering posts/new
Completed in 21ms (View: 9, DB: 0) | 200 OK [http://localhost/posts/new]


Processing PostsController#new (for 127.0.0.1 at 2010-09-08 21:07:55) [GET]
Rendering template within layouts/application
Rendering posts/new
Completed in 22ms (View: 14, DB: 0) | 200 OK [http://localhost/posts/new]


Processing PostsController#new (for 127.0.0.1 at 2010-09-08 21:08:11) [GET]
Rendering template within layouts/application
Rendering posts/new
Completed in 34ms (View: 23, DB: 0) | 200 OK [http://localhost/posts/new]


Processing PostsController#new (for 127.0.0.1 at 2010-09-08 21:08:23) [GET]
Rendering template within layouts/application
Rendering posts/new
Completed in 22ms (View: 14, DB: 0) | 200 OK [http://localhost/posts/new]


Processing PostsController#new (for 127.0.0.1 at 2010-09-08 21:08:45) [GET]
Rendering template within layouts/application
Rendering posts/new
Completed in 24ms (View: 16, DB: 0) | 200 OK [http://localhost/posts/new]


Processing PostsController#new (for 127.0.0.1 at 2010-09-08 21:08:54) [GET]
Rendering template within layouts/application
Rendering posts/new
Completed in 24ms (View: 16, DB: 0) | 200 OK [http://localhost/posts/new]


Processing PostsController#new (for 127.0.0.1 at 2010-09-08 21:10:30) [GET]
Rendering template within layouts/application
Rendering posts/new
Completed in 31ms (View: 22, DB: 0) | 200 OK [http://localhost/posts/new]


Processing PostsController#new (for 127.0.0.1 at 2010-09-08 21:10:47) [GET]
Rendering template within layouts/application
Rendering posts/new
Completed in 24ms (View: 15, DB: 0) | 200 OK [http://localhost/posts/new]


Processing PostsController#new (for 127.0.0.1 at 2010-09-08 21:11:03) [GET]
Rendering template within layouts/application
Rendering posts/new
Completed in 25ms (View: 16, DB: 0) | 200 OK [http://localhost/posts/new]


Processing PostsController#create (for 127.0.0.1 at 2010-09-08 21:11:18) [POST]
  Parameters: {"commit"=>"Save", "post"=>{"title"=>"Title", "content"=>"Content"}, "authenticity_token"=>"f9JTGfmHX3Wknblc0dXgo0ECrgO3bozCYQfuaCxVke4="}

NoMethodError (undefined method `save?' for #<Post:0x102579510>):
  app/controllers/posts_controller.rb:12:in `create'

Rendered rescues/_trace (79.7ms)
Rendered rescues/_request_and_response (0.7ms)
Rendering rescues/layout (internal_server_error)


Processing PostsController#create (for 127.0.0.1 at 2010-09-08 21:11:42) [POST]
  Parameters: {"commit"=>"Save", "post"=>{"title"=>"Title", "content"=>"Content"}, "authenticity_token"=>"f9JTGfmHX3Wknblc0dXgo0ECrgO3bozCYQfuaCxVke4="}
  [4;36;1mPost Create (26.4ms)[0m   [0;1mINSERT INTO "posts" ("created_at", "title", "updated_at", "content") VALUES('2010-09-08 17:11:42', 'Title', '2010-09-08 17:11:42', 'Content')[0m
Redirected to http://localhost:3000/posts/1
Completed in 59ms (DB: 26) | 302 Found [http://localhost/posts]


Processing PostsController#show (for 127.0.0.1 at 2010-09-08 21:11:42) [GET]
  Parameters: {"id"=>"1"}
Rendering template within layouts/application
Rendering posts/show

ActionView::TemplateError (You have a nil object when you didn't expect it!
You might have expected an instance of ActiveRecord::Base.
The error occurred while evaluating nil.[]) on line #14 of app/views/posts/show.html.erb:
11: 				this.connect();
12: 			},
13: 			connect: function() {
14: 				this.socket = new io.Socket('ws://<%=request['ENV']['HTTP_HOST']%>:3333/posts/' + this.post_id);
15: 				this.socket.connect(); //Connect to our node.js server
16: 				var self = this;
17: 				this.socket.on('message', function(message){ self.on_message(message); });

    app/views/posts/show.html.erb:14
    app/views/posts/show.html.erb:1

Rendered rescues/_trace (251.8ms)
Rendered rescues/_request_and_response (0.6ms)
Rendering rescues/layout (internal_server_error)


Processing PostsController#show (for 127.0.0.1 at 2010-09-08 21:13:21) [GET]
  Parameters: {"id"=>"1"}
Rendering template within layouts/application
Rendering posts/show

ActionView::TemplateError (undefined method `title' for nil:NilClass) on line #40 of app/views/posts/show.html.erb:
37:   </script>
38: <%end -%>
39: <div class="post">
40:   <h1><%=@post.title%></h1>
41:   <p><%=@post.content%></p>
42: </div>
43: <h3>Comments</h3>

    app/views/posts/show.html.erb:40

Rendered rescues/_trace (98.3ms)
Rendered rescues/_request_and_response (0.5ms)
Rendering rescues/layout (internal_server_error)


Processing PostsController#show (for 127.0.0.1 at 2010-09-08 21:13:54) [GET]
  Parameters: {"id"=>"1"}
  [4;35;1mPost Load (0.4ms)[0m   [0mSELECT * FROM "posts" WHERE ("posts"."id" = 1) [0m
Rendering template within layouts/application
Rendering posts/show
  [4;36;1mComment Load (0.3ms)[0m   [0;1mSELECT * FROM "comments" WHERE ("comments".post_id = 1) ORDER BY created_at ASC[0m
Completed in 84ms (View: 73, DB: 1) | 200 OK [http://localhost/posts/1]


Processing PostsController#show (for 127.0.0.1 at 2010-09-08 21:14:42) [GET]
  Parameters: {"id"=>"1"}
  [4;35;1mPost Load (0.3ms)[0m   [0mSELECT * FROM "posts" WHERE ("posts"."id" = 1) [0m
Rendering template within layouts/application
Rendering posts/show
  [4;36;1mComment Load (0.3ms)[0m   [0;1mSELECT * FROM "comments" WHERE ("comments".post_id = 1) ORDER BY created_at ASC[0m
Completed in 33ms (View: 23, DB: 1) | 200 OK [http://localhost/posts/1]


Processing PostsController#show (for 127.0.0.1 at 2010-09-08 21:15:14) [GET]
  Parameters: {"id"=>"1"}
  [4;35;1mPost Load (0.3ms)[0m   [0mSELECT * FROM "posts" WHERE ("posts"."id" = 1) [0m
Rendering template within layouts/application
Rendering posts/show
  [4;36;1mComment Load (0.3ms)[0m   [0;1mSELECT * FROM "comments" WHERE ("comments".post_id = 1) ORDER BY created_at ASC[0m
Completed in 34ms (View: 24, DB: 1) | 200 OK [http://localhost/posts/1]


Processing PostsController#show (for 127.0.0.1 at 2010-09-08 21:19:29) [GET]
  Parameters: {"id"=>"1"}
  [4;35;1mPost Load (0.5ms)[0m   [0mSELECT * FROM "posts" WHERE ("posts"."id" = 1) [0m
Rendering template within layouts/application
Rendering posts/show
  [4;36;1mComment Load (0.3ms)[0m   [0;1mSELECT * FROM "comments" WHERE ("comments".post_id = 1) ORDER BY created_at ASC[0m
Completed in 187ms (View: 176, DB: 1) | 200 OK [http://localhost/posts/1]


Processing PostsController#show (for 127.0.0.1 at 2010-09-08 21:19:40) [GET]
  Parameters: {"id"=>"1"}
  [4;35;1mPost Load (0.3ms)[0m   [0mSELECT * FROM "posts" WHERE ("posts"."id" = 1) [0m
Rendering template within layouts/application
Rendering posts/show
  [4;36;1mComment Load (0.3ms)[0m   [0;1mSELECT * FROM "comments" WHERE ("comments".post_id = 1) ORDER BY created_at ASC[0m
Completed in 34ms (View: 24, DB: 1) | 200 OK [http://localhost/posts/1]


Processing ApplicationController#index (for 127.0.0.1 at 2010-09-08 21:19:41) [GET]

ActionController::RoutingError (No route matches "/javascripts/socket.io/lib/vendor/web-socket-js/WebSocketMain.swf" with {:method=>:get}):
  

Rendering rescues/layout (not_found)


Processing PostsController#show (for 127.0.0.1 at 2010-09-08 21:25:45) [GET]
  Parameters: {"id"=>"1"}
  [4;35;1mPost Load (0.3ms)[0m   [0mSELECT * FROM "posts" WHERE ("posts"."id" = 1) [0m
Rendering template within layouts/application
Rendering posts/show
  [4;36;1mComment Load (0.3ms)[0m   [0;1mSELECT * FROM "comments" WHERE ("comments".post_id = 1) ORDER BY created_at ASC[0m
Completed in 31ms (View: 22, DB: 1) | 200 OK [http://localhost/posts/1]


Processing ApplicationController#index (for 127.0.0.1 at 2010-09-08 21:25:46) [GET]

ActionController::RoutingError (No route matches "/javascripts/socket.io/lib/vendor/web-socket-js/WebSocketMain.swf" with {:method=>:get}):
  

Rendering rescues/layout (not_found)


Processing PostsController#show (for 127.0.0.1 at 2010-09-08 21:34:02) [GET]
  Parameters: {"id"=>"1"}
  [4;35;1mPost Load (0.3ms)[0m   [0mSELECT * FROM "posts" WHERE ("posts"."id" = 1) [0m
Rendering template within layouts/application
Rendering posts/show
ERROR: compiling _run_erb_app47views47posts47show46html46erb RAISED compile error
/Users/userad/proj/examples/node.js/app/views/posts/show.html.erb:58: unknown regexp options - dv
/Users/userad/proj/examples/node.js/app/views/posts/show.html.erb:58: unmatched ): /h3>
<div id="add_comment">
  <%form_for :comment, Comment.new, :url => post_comments_path(@post) do |f| ).to_s)
@output_buffer.concat "    "; @output_buffer.concat(( f.label :title, "Title").to_s); @output_buffer.concat "\n    "
; @output_buffer.concat(( f.text_field :title ).to_s); @output_buffer.concat "\n    "
; @output_buffer.concat(( f.label :content, "Content" ).to_s); @output_buffer.concat "\n    "
; @output_buffer.concat(( f.text_area :content ).to_s); @output_buffer.concat "\n    "
; @output_buffer.concat(( f.submit "Save", :class => 'submit').to_s); @output_buffer.concat "\n  "
; end 
@output_buffer.concat "</
/Users/userad/proj/examples/node.js/app/views/posts/show.html.erb:58: syntax error, unexpected $undefined
@output_buffer.concat "</div>\n\n<h3>Comments</h3>\n<div id=...
                              ^
/Users/userad/proj/examples/node.js/app/views/posts/show.html.erb:63: unknown regexp options - ct
/Users/userad/proj/examples/node.js/app/views/posts/show.html.erb:63: unmatched (: /h3>\n<div id=\"comments\">\n  "



; @post.comments.each do |comment| 
@output_buffer.concat "    "; @output_buffer.concat((render :partial => 'comments/
/Users/userad/proj/examples/node.js/app/views/posts/show.html.erb:63: syntax error, unexpected tSTRING_BEG, expecting ')'
...:partial => 'comments/comment', :locals => {:comment => comm...
                              ^
/Users/userad/proj/examples/node.js/app/views/posts/show.html.erb:63: unterminated string meets end of file
Function body:           def _run_erb_app47views47posts47show46html46erb(local_assigns)
            old_output_buffer = output_buffer;;@output_buffer = '';  __in_erb_template=true ; content_for :js do 
@output_buffer.concat "  "; @output_buffer.concat((javascript_include_tag 'socket.io/socket.io').to_s); @output_buffer.concat "\n  <script type=\"text/javascript\">\n    //Here subscribe to new comments.\n    io.setPath('/javascripts/socket.io/');\n    var Comments = {\n\t\t\tsocket: null,\n\t\t\tpost_id: null,\n\t\t\tinit: function(post_id) {\n\t\t\t\tthis.post_id = post_id;\n\t\t\t\tthis.connect();\n\t\t\t},\n\t\t\tconnect: function() {\n\t\t\t\tthis.socket = new io.Socket('ws://"











; @output_buffer.concat((request.env['HTTP_HOST']).to_s); @output_buffer.concat ":3333/posts/' + this.post_id);\n\t\t\t\tthis.socket.connect(); //Connect to our node.js server\n\t\t\t\tvar self = this;\n\t\t\t\tthis.socket.on('message', function(message){ self.on_message(message); });\n\t\t\t\tthis.socket.on('error', function(e){self.on_close();});\n\t\t\t\tthis.socket.on('close', function(e){self.on_close();});\n\t\t\t},\t\t\t\n\t\t\ton_message: function(message) {\n\t\t\t\t$('#comments').prepend(message);\n\t\t\t},\n\t\t\ton_close: function() {\n\t\t\t\tconsole.log('Socket closed. Reconnecting');\n\t\t\t\tthis.connect();\n\t\t\t},\n\t\t\tsend: function() {\n\t\t\t  \n\t\t\t}\n\t\t};\n\t\t\n\t\tjQuery(document).ready(function($) {\n    \tComments.init();\n    });\n    \n    function show_hide(el) {\n      $('#' + el).toggleClass('hidden');\n    }\n    \n    \n  </script>\n"




























; end 
@output_buffer.concat "<div class=\"post\">\n  <h1>"
; @output_buffer.concat((@post.title).to_s); @output_buffer.concat "</h1>\n  <p>"
; @output_buffer.concat((@post.content).to_s); @output_buffer.concat "</p>\n</div>\n\n<h3>"


; @output_buffer.concat((link_to_function 'Add comment', "show_hide('add_comment')"</h3>
<div id="add_comment">
  <%form_for :comment, Comment.new, :url => post_comments_path(@post) do |f| ).to_s)
@output_buffer.concat "    "; @output_buffer.concat(( f.label :title, "Title").to_s); @output_buffer.concat "\n    "
; @output_buffer.concat(( f.text_field :title ).to_s); @output_buffer.concat "\n    "
; @output_buffer.concat(( f.label :content, "Content" ).to_s); @output_buffer.concat "\n    "
; @output_buffer.concat(( f.text_area :content ).to_s); @output_buffer.concat "\n    "
; @output_buffer.concat(( f.submit "Save", :class => 'submit').to_s); @output_buffer.concat "\n  "
; end 
@output_buffer.concat "</div>\n\n<h3>Comments</h3>\n<div id=\"comments\">\n  "



; @post.comments.each do |comment| 
@output_buffer.concat "    "; @output_buffer.concat((render :partial => 'comments/comment', :locals => {:comment => comment}).to_s); @output_buffer.concat "\n  "
; end 
@output_buffer.concat "</div>"; @output_buffer
          ensure
            self.output_buffer = old_output_buffer
          end
Backtrace: /Users/userad/proj/examples/node.js/app/views/posts/show.html.erb:63:in `compile!'
/Users/userad/.rvm/gems/ree-1.8.7-2010.02/gems/actionpack-2.3.8/lib/action_view/renderable.rb:61:in `compile'
/Users/userad/.rvm/gems/ree-1.8.7-2010.02/gems/actionpack-2.3.8/lib/action_view/renderable.rb:28:in `render'
/Users/userad/.rvm/gems/ree-1.8.7-2010.02/gems/actionpack-2.3.8/lib/action_view/template.rb:205:in `render_template'
/Users/userad/.rvm/gems/ree-1.8.7-2010.02/gems/actionpack-2.3.8/lib/action_view/base.rb:265:in `render'
/Users/userad/.rvm/gems/ree-1.8.7-2010.02/gems/actionpack-2.3.8/lib/action_view/base.rb:348:in `_render_with_layout'
/Users/userad/.rvm/gems/ree-1.8.7-2010.02/gems/actionpack-2.3.8/lib/action_view/base.rb:262:in `render'
/Users/userad/.rvm/gems/ree-1.8.7-2010.02/gems/actionpack-2.3.8/lib/action_controller/base.rb:1250:in `render_for_file'
/Users/userad/.rvm/gems/ree-1.8.7-2010.02/gems/actionpack-2.3.8/lib/action_controller/base.rb:936:in `render_without_benchmark'
/Users/userad/.rvm/gems/ree-1.8.7-2010.02/gems/actionpack-2.3.8/lib/action_controller/benchmarking.rb:51:in `render'
/Users/userad/.rvm/gems/ree-1.8.7-2010.02/gems/activesupport-2.3.8/lib/active_support/core_ext/benchmark.rb:17:in `ms'
/Users/userad/.rvm/rubies/ree-1.8.7-2010.02/lib/ruby/1.8/benchmark.rb:308:in `realtime'
/Users/userad/.rvm/gems/ree-1.8.7-2010.02/gems/activesupport-2.3.8/lib/active_support/core_ext/benchmark.rb:17:in `ms'
/Users/userad/.rvm/gems/ree-1.8.7-2010.02/gems/actionpack-2.3.8/lib/action_controller/benchmarking.rb:51:in `render'
/Users/userad/.rvm/gems/ree-1.8.7-2010.02/gems/actionpack-2.3.8/lib/action_controller/base.rb:1326:in `default_render'
/Users/userad/.rvm/gems/ree-1.8.7-2010.02/gems/actionpack-2.3.8/lib/action_controller/base.rb:1332:in `perform_action_without_filters'
/Users/userad/.rvm/gems/ree-1.8.7-2010.02/gems/actionpack-2.3.8/lib/action_controller/filters.rb:617:in `call_filters'
/Users/userad/.rvm/gems/ree-1.8.7-2010.02/gems/actionpack-2.3.8/lib/action_controller/filters.rb:610:in `perform_action_without_benchmark'
/Users/userad/.rvm/gems/ree-1.8.7-2010.02/gems/actionpack-2.3.8/lib/action_controller/benchmarking.rb:68:in `perform_action_without_rescue'
/Users/userad/.rvm/gems/ree-1.8.7-2010.02/gems/activesupport-2.3.8/lib/active_support/core_ext/benchmark.rb:17:in `ms'
/Users/userad/.rvm/rubies/ree-1.8.7-2010.02/lib/ruby/1.8/benchmark.rb:308:in `realtime'
/Users/userad/.rvm/gems/ree-1.8.7-2010.02/gems/activesupport-2.3.8/lib/active_support/core_ext/benchmark.rb:17:in `ms'
/Users/userad/.rvm/gems/ree-1.8.7-2010.02/gems/actionpack-2.3.8/lib/action_controller/benchmarking.rb:68:in `perform_action_without_rescue'
/Users/userad/.rvm/gems/ree-1.8.7-2010.02/gems/actionpack-2.3.8/lib/action_controller/rescue.rb:160:in `perform_action_without_flash'
/Users/userad/.rvm/gems/ree-1.8.7-2010.02/gems/actionpack-2.3.8/lib/action_controller/flash.rb:151:in `perform_action'
/Users/userad/.rvm/gems/ree-1.8.7-2010.02/gems/actionpack-2.3.8/lib/action_controller/base.rb:532:in `send'
/Users/userad/.rvm/gems/ree-1.8.7-2010.02/gems/actionpack-2.3.8/lib/action_controller/base.rb:532:in `process_without_filters'
/Users/userad/.rvm/gems/ree-1.8.7-2010.02/gems/actionpack-2.3.8/lib/action_controller/filters.rb:606:in `process'
/Users/userad/.rvm/gems/ree-1.8.7-2010.02/gems/actionpack-2.3.8/lib/action_controller/base.rb:391:in `process'
/Users/userad/.rvm/gems/ree-1.8.7-2010.02/gems/actionpack-2.3.8/lib/action_controller/base.rb:386:in `call'
/Users/userad/.rvm/gems/ree-1.8.7-2010.02/gems/actionpack-2.3.8/lib/action_controller/routing/route_set.rb:438:in `call'
/Users/userad/.rvm/gems/ree-1.8.7-2010.02/gems/actionpack-2.3.8/lib/action_controller/dispatcher.rb:87:in `dispatch'
/Users/userad/.rvm/gems/ree-1.8.7-2010.02/gems/actionpack-2.3.8/lib/action_controller/dispatcher.rb:121:in `_call'
/Users/userad/.rvm/gems/ree-1.8.7-2010.02/gems/actionpack-2.3.8/lib/action_controller/dispatcher.rb:130:in `build_middleware_stack'
/Users/userad/.rvm/gems/ree-1.8.7-2010.02/gems/activerecord-2.3.8/lib/active_record/query_cache.rb:29:in `call'
/Users/userad/.rvm/gems/ree-1.8.7-2010.02/gems/activerecord-2.3.8/lib/active_record/query_cache.rb:29:in `call'
/Users/userad/.rvm/gems/ree-1.8.7-2010.02/gems/activerecord-2.3.8/lib/active_record/connection_adapters/abstract/query_cache.rb:34:in `cache'
/Users/userad/.rvm/gems/ree-1.8.7-2010.02/gems/activerecord-2.3.8/lib/active_record/query_cache.rb:9:in `cache'
/Users/userad/.rvm/gems/ree-1.8.7-2010.02/gems/activerecord-2.3.8/lib/active_record/query_cache.rb:28:in `call'
/Users/userad/.rvm/gems/ree-1.8.7-2010.02/gems/activerecord-2.3.8/lib/active_record/connection_adapters/abstract/connection_pool.rb:361:in `call'
/Users/userad/.rvm/gems/ree-1.8.7-2010.02/gems/actionpack-2.3.8/lib/action_controller/string_coercion.rb:25:in `call'
/Users/userad/.rvm/gems/ree-1.8.7-2010.02/gems/rack-1.1.0/lib/rack/head.rb:9:in `call'
/Users/userad/.rvm/gems/ree-1.8.7-2010.02/gems/rack-1.1.0/lib/rack/methodoverride.rb:24:in `call'
/Users/userad/.rvm/gems/ree-1.8.7-2010.02/gems/actionpack-2.3.8/lib/action_controller/params_parser.rb:15:in `call'
/Users/userad/.rvm/gems/ree-1.8.7-2010.02/gems/actionpack-2.3.8/lib/action_controller/session/cookie_store.rb:99:in `call'
/Users/userad/.rvm/gems/ree-1.8.7-2010.02/gems/actionpack-2.3.8/lib/action_controller/failsafe.rb:26:in `call'
/Users/userad/.rvm/gems/ree-1.8.7-2010.02/gems/rack-1.1.0/lib/rack/lock.rb:11:in `call'
/Users/userad/.rvm/gems/ree-1.8.7-2010.02/gems/rack-1.1.0/lib/rack/lock.rb:11:in `synchronize'
/Users/userad/.rvm/gems/ree-1.8.7-2010.02/gems/rack-1.1.0/lib/rack/lock.rb:11:in `call'
/Users/userad/.rvm/gems/ree-1.8.7-2010.02/gems/actionpack-2.3.8/lib/action_controller/dispatcher.rb:114:in `call'
/Users/userad/.rvm/gems/ree-1.8.7-2010.02/gems/actionpack-2.3.8/lib/action_controller/reloader.rb:34:in `run'
/Users/userad/.rvm/gems/ree-1.8.7-2010.02/gems/actionpack-2.3.8/lib/action_controller/dispatcher.rb:108:in `call'
/Users/userad/.rvm/gems/ree-1.8.7-2010.02/gems/rails-2.3.8/lib/rails/rack/static.rb:31:in `call'
/Users/userad/.rvm/gems/ree-1.8.7-2010.02/gems/rack-1.1.0/lib/rack/urlmap.rb:47:in `call'
/Users/userad/.rvm/gems/ree-1.8.7-2010.02/gems/rack-1.1.0/lib/rack/urlmap.rb:41:in `each'
/Users/userad/.rvm/gems/ree-1.8.7-2010.02/gems/rack-1.1.0/lib/rack/urlmap.rb:41:in `call'
/Users/userad/.rvm/gems/ree-1.8.7-2010.02/gems/rails-2.3.8/lib/rails/rack/log_tailer.rb:17:in `call'
/Users/userad/.rvm/gems/ree-1.8.7-2010.02/gems/rack-1.1.0/lib/rack/content_length.rb:13:in `call'
/Users/userad/.rvm/gems/ree-1.8.7-2010.02/gems/rack-1.1.0/lib/rack/chunked.rb:15:in `call'
/Users/userad/.rvm/gems/ree-1.8.7-2010.02/gems/rack-1.1.0/lib/rack/handler/mongrel.rb:67:in `process'
/Users/userad/.rvm/gems/ree-1.8.7-2010.02/gems/mongrel-1.1.5/lib/mongrel.rb:159:in `process_client'
/Users/userad/.rvm/gems/ree-1.8.7-2010.02/gems/mongrel-1.1.5/lib/mongrel.rb:158:in `each'
/Users/userad/.rvm/gems/ree-1.8.7-2010.02/gems/mongrel-1.1.5/lib/mongrel.rb:158:in `process_client'
/Users/userad/.rvm/gems/ree-1.8.7-2010.02/gems/mongrel-1.1.5/lib/mongrel.rb:285:in `run'
/Users/userad/.rvm/gems/ree-1.8.7-2010.02/gems/mongrel-1.1.5/lib/mongrel.rb:285:in `initialize'
/Users/userad/.rvm/gems/ree-1.8.7-2010.02/gems/mongrel-1.1.5/lib/mongrel.rb:285:in `new'
/Users/userad/.rvm/gems/ree-1.8.7-2010.02/gems/mongrel-1.1.5/lib/mongrel.rb:285:in `run'
/Users/userad/.rvm/gems/ree-1.8.7-2010.02/gems/mongrel-1.1.5/lib/mongrel.rb:268:in `initialize'
/Users/userad/.rvm/gems/ree-1.8.7-2010.02/gems/mongrel-1.1.5/lib/mongrel.rb:268:in `new'
/Users/userad/.rvm/gems/ree-1.8.7-2010.02/gems/mongrel-1.1.5/lib/mongrel.rb:268:in `run'
/Users/userad/.rvm/gems/ree-1.8.7-2010.02/gems/rack-1.1.0/lib/rack/handler/mongrel.rb:38:in `run'
/Users/userad/.rvm/gems/ree-1.8.7-2010.02/gems/rails-2.3.8/lib/commands/server.rb:111
/Users/userad/.rvm/rubies/ree-1.8.7-2010.02/lib/ruby/site_ruby/1.8/rubygems/custom_require.rb:31:in `gem_original_require'
/Users/userad/.rvm/rubies/ree-1.8.7-2010.02/lib/ruby/site_ruby/1.8/rubygems/custom_require.rb:31:in `require'
./script/server:3

ActionView::TemplateError (compile error
/Users/userad/proj/examples/node.js/app/views/posts/show.html.erb:58: unknown regexp options - dv
/Users/userad/proj/examples/node.js/app/views/posts/show.html.erb:58: unmatched ): /h3>
<div id="add_comment">
  <%form_for :comment, Comment.new, :url => post_comments_path(@post) do |f| ).to_s)
@output_buffer.concat "    "; @output_buffer.concat(( f.label :title, "Title").to_s); @output_buffer.concat "\n    "
; @output_buffer.concat(( f.text_field :title ).to_s); @output_buffer.concat "\n    "
; @output_buffer.concat(( f.label :content, "Content" ).to_s); @output_buffer.concat "\n    "
; @output_buffer.concat(( f.text_area :content ).to_s); @output_buffer.concat "\n    "
; @output_buffer.concat(( f.submit "Save", :class => 'submit').to_s); @output_buffer.concat "\n  "
; end 
@output_buffer.concat "</
/Users/userad/proj/examples/node.js/app/views/posts/show.html.erb:58: syntax error, unexpected $undefined
@output_buffer.concat "</div>\n\n<h3>Comments</h3>\n<div id=...
                              ^
/Users/userad/proj/examples/node.js/app/views/posts/show.html.erb:63: unknown regexp options - ct
/Users/userad/proj/examples/node.js/app/views/posts/show.html.erb:63: unmatched (: /h3>\n<div id=\"comments\">\n  "



; @post.comments.each do |comment| 
@output_buffer.concat "    "; @output_buffer.concat((render :partial => 'comments/
/Users/userad/proj/examples/node.js/app/views/posts/show.html.erb:63: syntax error, unexpected tSTRING_BEG, expecting ')'
...:partial => 'comments/comment', :locals => {:comment => comm...
                              ^
/Users/userad/proj/examples/node.js/app/views/posts/show.html.erb:63: unterminated string meets end of file) on line #58 of app/views/posts/show.html.erb:
55:     <%= f.text_area :content %>
56:     <%= f.submit "Save", :class => 'submit'%>
57:   <%end -%>
58: </div>
59: 
60: <h3>Comments</h3>
61: <div id="comments">

    app/views/posts/show.html.erb:63:in `compile!'

Rendered rescues/_trace (90.7ms)
Rendered rescues/_request_and_response (0.5ms)
Rendering rescues/layout (internal_server_error)


Processing PostsController#show (for 127.0.0.1 at 2010-09-08 21:34:23) [GET]
  Parameters: {"id"=>"1"}
  [4;36;1mPost Load (0.3ms)[0m   [0;1mSELECT * FROM "posts" WHERE ("posts"."id" = 1) [0m
Rendering template within layouts/application
Rendering posts/show
  [4;35;1mComment Load (0.3ms)[0m   [0mSELECT * FROM "comments" WHERE ("comments".post_id = 1) ORDER BY created_at ASC[0m
Completed in 41ms (View: 31, DB: 1) | 200 OK [http://localhost/posts/1]


Processing ApplicationController#index (for 127.0.0.1 at 2010-09-08 21:34:24) [GET]

ActionController::RoutingError (No route matches "/javascripts/socket.io/lib/vendor/web-socket-js/WebSocketMain.swf" with {:method=>:get}):
  

Rendering rescues/layout (not_found)


Processing PostsController#show (for 127.0.0.1 at 2010-09-08 21:34:35) [GET]
  Parameters: {"id"=>"1"}
  [4;36;1mPost Load (0.3ms)[0m   [0;1mSELECT * FROM "posts" WHERE ("posts"."id" = 1) [0m
Rendering template within layouts/application
Rendering posts/show
  [4;35;1mComment Load (0.3ms)[0m   [0mSELECT * FROM "comments" WHERE ("comments".post_id = 1) ORDER BY created_at ASC[0m
Completed in 37ms (View: 27, DB: 1) | 200 OK [http://localhost/posts/1]


Processing ApplicationController#index (for 127.0.0.1 at 2010-09-08 21:34:36) [GET]

ActionController::RoutingError (No route matches "/javascripts/socket.io/lib/vendor/web-socket-js/WebSocketMain.swf" with {:method=>:get}):
  

Rendering rescues/layout (not_found)


Processing PostsController#show (for 127.0.0.1 at 2010-09-08 21:35:21) [GET]
  Parameters: {"id"=>"1"}
  [4;36;1mPost Load (0.5ms)[0m   [0;1mSELECT * FROM "posts" WHERE ("posts"."id" = 1) [0m
Rendering template within layouts/application
Rendering posts/show
  [4;35;1mComment Load (0.3ms)[0m   [0mSELECT * FROM "comments" WHERE ("comments".post_id = 1) ORDER BY created_at ASC[0m
Completed in 32ms (View: 23, DB: 1) | 200 OK [http://localhost/posts/1]


Processing ApplicationController#index (for 127.0.0.1 at 2010-09-08 21:35:22) [GET]

ActionController::RoutingError (No route matches "/javascripts/socket.io/lib/vendor/web-socket-js/WebSocketMain.swf" with {:method=>:get}):
  

Rendering rescues/layout (not_found)


Processing PostsController#show (for 127.0.0.1 at 2010-09-08 21:35:47) [GET]
  Parameters: {"id"=>"1"}
  [4;36;1mPost Load (0.3ms)[0m   [0;1mSELECT * FROM "posts" WHERE ("posts"."id" = 1) [0m
Rendering template within layouts/application
Rendering posts/show
  [4;35;1mComment Load (1.0ms)[0m   [0mSELECT * FROM "comments" WHERE ("comments".post_id = 1) ORDER BY created_at ASC[0m
Completed in 44ms (View: 28, DB: 1) | 200 OK [http://localhost/posts/1]


Processing ApplicationController#index (for 127.0.0.1 at 2010-09-08 21:35:48) [GET]

ActionController::RoutingError (No route matches "/javascripts/socket.io/lib/vendor/web-socket-js/WebSocketMain.swf" with {:method=>:get}):
  

Rendering rescues/layout (not_found)


Processing PostsController#show (for 127.0.0.1 at 2010-09-08 21:36:32) [GET]
  Parameters: {"id"=>"1"}
  [4;36;1mPost Load (0.3ms)[0m   [0;1mSELECT * FROM "posts" WHERE ("posts"."id" = 1) [0m
Rendering template within layouts/application
Rendering posts/show
  [4;35;1mComment Load (0.3ms)[0m   [0mSELECT * FROM "comments" WHERE ("comments".post_id = 1) ORDER BY created_at ASC[0m
Completed in 35ms (View: 25, DB: 1) | 200 OK [http://localhost/posts/1]


Processing ApplicationController#index (for 127.0.0.1 at 2010-09-08 21:36:33) [GET]

ActionController::RoutingError (No route matches "/javascripts/socket.io/lib/vendor/web-socket-js/WebSocketMain.swf" with {:method=>:get}):
  

Rendering rescues/layout (not_found)


Processing PostsController#show (for 127.0.0.1 at 2010-09-08 21:36:44) [GET]
  Parameters: {"id"=>"1"}
  [4;36;1mPost Load (0.3ms)[0m   [0;1mSELECT * FROM "posts" WHERE ("posts"."id" = 1) [0m
Rendering template within layouts/application
Rendering posts/show
  [4;35;1mComment Load (0.3ms)[0m   [0mSELECT * FROM "comments" WHERE ("comments".post_id = 1) ORDER BY created_at ASC[0m
Completed in 34ms (View: 23, DB: 1) | 200 OK [http://localhost/posts/1]


Processing ApplicationController#index (for 127.0.0.1 at 2010-09-08 21:36:45) [GET]

ActionController::RoutingError (No route matches "/javascripts/socket.io/lib/vendor/web-socket-js/WebSocketMain.swf" with {:method=>:get}):
  

Rendering rescues/layout (not_found)


Processing PostsController#show (for 127.0.0.1 at 2010-09-08 21:41:28) [GET]
  Parameters: {"id"=>"1"}
  [4;36;1mPost Load (0.3ms)[0m   [0;1mSELECT * FROM "posts" WHERE ("posts"."id" = 1) [0m
Rendering template within layouts/application
Rendering posts/show
  [4;35;1mComment Load (0.3ms)[0m   [0mSELECT * FROM "comments" WHERE ("comments".post_id = 1) ORDER BY created_at ASC[0m
Completed in 98ms (View: 42, DB: 1) | 200 OK [http://localhost/posts/1]


Processing PostsController#show (for 127.0.0.1 at 2010-09-08 21:41:42) [GET]
  Parameters: {"id"=>"1"}
  [4;36;1mPost Load (0.4ms)[0m   [0;1mSELECT * FROM "posts" WHERE ("posts"."id" = 1) [0m
Rendering template within layouts/application
Rendering posts/show
  [4;35;1mComment Load (0.3ms)[0m   [0mSELECT * FROM "comments" WHERE ("comments".post_id = 1) ORDER BY created_at ASC[0m
Completed in 37ms (View: 22, DB: 1) | 200 OK [http://localhost/posts/1]


Processing PostsController#show (for 127.0.0.1 at 2010-09-08 21:42:12) [GET]
  Parameters: {"id"=>"1"}
  [4;36;1mPost Load (0.3ms)[0m   [0;1mSELECT * FROM "posts" WHERE ("posts"."id" = 1) [0m
Rendering template within layouts/application
Rendering posts/show
  [4;35;1mComment Load (0.3ms)[0m   [0mSELECT * FROM "comments" WHERE ("comments".post_id = 1) ORDER BY created_at ASC[0m
Completed in 53ms (View: 42, DB: 1) | 200 OK [http://localhost/posts/1]


Processing PostsController#show (for 127.0.0.1 at 2010-09-08 21:42:14) [GET]
  Parameters: {"id"=>"1"}
  [4;36;1mPost Load (0.3ms)[0m   [0;1mSELECT * FROM "posts" WHERE ("posts"."id" = 1) [0m
Rendering template within layouts/application
Rendering posts/show
  [4;35;1mComment Load (0.4ms)[0m   [0mSELECT * FROM "comments" WHERE ("comments".post_id = 1) ORDER BY created_at ASC[0m
Completed in 45ms (View: 29, DB: 1) | 200 OK [http://localhost/posts/1]


Processing PostsController#show (for 127.0.0.1 at 2010-09-08 21:42:47) [GET]
  Parameters: {"id"=>"1"}
  [4;36;1mPost Load (0.5ms)[0m   [0;1mSELECT * FROM "posts" WHERE ("posts"."id" = 1) [0m
Rendering template within layouts/application
Rendering posts/show
  [4;35;1mComment Load (0.3ms)[0m   [0mSELECT * FROM "comments" WHERE ("comments".post_id = 1) ORDER BY created_at ASC[0m
Completed in 39ms (View: 28, DB: 1) | 200 OK [http://localhost/posts/1]


Processing PostsController#show (for 127.0.0.1 at 2010-09-08 21:42:50) [GET]
  Parameters: {"id"=>"1"}
  [4;36;1mPost Load (0.4ms)[0m   [0;1mSELECT * FROM "posts" WHERE ("posts"."id" = 1) [0m
Rendering template within layouts/application
Rendering posts/show
  [4;35;1mComment Load (0.3ms)[0m   [0mSELECT * FROM "comments" WHERE ("comments".post_id = 1) ORDER BY created_at ASC[0m
Completed in 42ms (View: 27, DB: 1) | 200 OK [http://localhost/posts/1]


Processing PostsController#show (for 127.0.0.1 at 2010-09-08 21:43:19) [GET]
  Parameters: {"id"=>"1"}
  [4;36;1mPost Load (0.4ms)[0m   [0;1mSELECT * FROM "posts" WHERE ("posts"."id" = 1) [0m
Rendering template within layouts/application
Rendering posts/show
  [4;35;1mComment Load (0.3ms)[0m   [0mSELECT * FROM "comments" WHERE ("comments".post_id = 1) ORDER BY created_at ASC[0m
Completed in 39ms (View: 21, DB: 1) | 200 OK [http://localhost/posts/1]


Processing PostsController#show (for 127.0.0.1 at 2010-09-08 21:43:21) [GET]
  Parameters: {"id"=>"1"}
  [4;36;1mPost Load (0.3ms)[0m   [0;1mSELECT * FROM "posts" WHERE ("posts"."id" = 1) [0m
Rendering template within layouts/application
Rendering posts/show
  [4;35;1mComment Load (0.3ms)[0m   [0mSELECT * FROM "comments" WHERE ("comments".post_id = 1) ORDER BY created_at ASC[0m
Completed in 26ms (View: 16, DB: 1) | 200 OK [http://localhost/posts/1]


Processing PostsController#show (for 127.0.0.1 at 2010-09-08 21:43:42) [GET]
  Parameters: {"id"=>"1"}
  [4;36;1mPost Load (0.3ms)[0m   [0;1mSELECT * FROM "posts" WHERE ("posts"."id" = 1) [0m
Rendering template within layouts/application
Rendering posts/show
  [4;35;1mComment Load (0.3ms)[0m   [0mSELECT * FROM "comments" WHERE ("comments".post_id = 1) ORDER BY created_at ASC[0m
Completed in 35ms (View: 24, DB: 1) | 200 OK [http://localhost/posts/1]


Processing PostsController#show (for 127.0.0.1 at 2010-09-08 21:43:45) [GET]
  Parameters: {"id"=>"1"}
  [4;36;1mPost Load (0.3ms)[0m   [0;1mSELECT * FROM "posts" WHERE ("posts"."id" = 1) [0m
Rendering template within layouts/application
Rendering posts/show
  [4;35;1mComment Load (8.8ms)[0m   [0mSELECT * FROM "comments" WHERE ("comments".post_id = 1) ORDER BY created_at ASC[0m
Completed in 44ms (View: 23, DB: 9) | 200 OK [http://localhost/posts/1]


Processing PostsController#show (for 127.0.0.1 at 2010-09-08 21:45:37) [GET]
  Parameters: {"id"=>"1"}
  [4;36;1mPost Load (0.3ms)[0m   [0;1mSELECT * FROM "posts" WHERE ("posts"."id" = 1) [0m
Rendering template within layouts/application
Rendering posts/show
  [4;35;1mComment Load (0.3ms)[0m   [0mSELECT * FROM "comments" WHERE ("comments".post_id = 1) ORDER BY created_at ASC[0m
Completed in 37ms (View: 26, DB: 1) | 200 OK [http://localhost/posts/1]


Processing CommentsController#create (for 127.0.0.1 at 2010-09-08 21:45:41) [POST]
  Parameters: {"comment"=>{"title"=>"", "content"=>""}, "commit"=>"Save", "post_id"=>"1", "authenticity_token"=>"f9JTGfmHX3Wknblc0dXgo0ECrgO3bozCYQfuaCxVke4="}

ActionController::UnknownAction (No action responded to create. Actions: ):
  

Rendering rescues/layout (not_found)


Processing PostsController#show (for 127.0.0.1 at 2010-09-08 21:46:02) [GET]
  Parameters: {"id"=>"1"}
  [4;36;1mPost Load (0.3ms)[0m   [0;1mSELECT * FROM "posts" WHERE ("posts"."id" = 1) [0m
Rendering template within layouts/application
Rendering posts/show
  [4;35;1mComment Load (0.3ms)[0m   [0mSELECT * FROM "comments" WHERE ("comments".post_id = 1) ORDER BY created_at ASC[0m
Completed in 33ms (View: 24, DB: 1) | 200 OK [http://localhost/posts/1]


Processing PostsController#show (for 127.0.0.1 at 2010-09-08 21:55:21) [GET]
  Parameters: {"id"=>"1"}
  [4;36;1mPost Load (0.4ms)[0m   [0;1mSELECT * FROM "posts" WHERE ("posts"."id" = 1) [0m
Rendering template within layouts/application
Rendering posts/show
  [4;35;1mComment Load (0.4ms)[0m   [0mSELECT * FROM "comments" WHERE ("comments".post_id = 1) ORDER BY created_at ASC[0m
Completed in 95ms (View: 42, DB: 1) | 200 OK [http://localhost/posts/1]


Processing PostsController#show (for 127.0.0.1 at 2010-09-08 21:57:03) [GET]
  Parameters: {"id"=>"1"}
  [4;36;1mPost Load (0.3ms)[0m   [0;1mSELECT * FROM "posts" WHERE ("posts"."id" = 1) [0m
Rendering template within layouts/application
Rendering posts/show
  [4;35;1mComment Load (0.3ms)[0m   [0mSELECT * FROM "comments" WHERE ("comments".post_id = 1) ORDER BY created_at ASC[0m
Completed in 31ms (View: 22, DB: 1) | 200 OK [http://localhost/posts/1]


Processing PostsController#show (for 127.0.0.1 at 2010-09-08 21:58:33) [GET]
  Parameters: {"id"=>"1"}
  [4;36;1mPost Load (0.3ms)[0m   [0;1mSELECT * FROM "posts" WHERE ("posts"."id" = 1) [0m
Rendering template within layouts/application
Rendering posts/show
  [4;35;1mComment Load (0.3ms)[0m   [0mSELECT * FROM "comments" WHERE ("comments".post_id = 1) ORDER BY created_at ASC[0m
Completed in 28ms (View: 17, DB: 1) | 200 OK [http://localhost/posts/1]


Processing PostsController#show (for 127.0.0.1 at 2010-09-08 22:10:49) [GET]
  Parameters: {"id"=>"1"}
  [4;36;1mPost Load (0.3ms)[0m   [0;1mSELECT * FROM "posts" WHERE ("posts"."id" = 1) [0m
Rendering template within layouts/application
Rendering posts/show
  [4;35;1mComment Load (0.3ms)[0m   [0mSELECT * FROM "comments" WHERE ("comments".post_id = 1) ORDER BY created_at ASC[0m
Completed in 38ms (View: 28, DB: 1) | 200 OK [http://localhost/posts/1]


Processing PostsController#show (for 127.0.0.1 at 2010-09-08 22:11:12) [GET]
  Parameters: {"id"=>"1"}
  [4;36;1mPost Load (0.3ms)[0m   [0;1mSELECT * FROM "posts" WHERE ("posts"."id" = 1) [0m
Rendering template within layouts/application
Rendering posts/show
  [4;35;1mComment Load (0.3ms)[0m   [0mSELECT * FROM "comments" WHERE ("comments".post_id = 1) ORDER BY created_at ASC[0m
Completed in 38ms (View: 27, DB: 1) | 200 OK [http://localhost/posts/1]


Processing ApplicationController#index (for 127.0.0.1 at 2010-09-08 22:11:34) [GET]

ActionController::RoutingError (No route matches "/socket.io/xhr-multipart/" with {:method=>:get}):
  

Rendering rescues/layout (not_found)


Processing PostsController#show (for 127.0.0.1 at 2010-09-08 22:12:39) [GET]
  Parameters: {"id"=>"1"}
  [4;36;1mPost Load (0.5ms)[0m   [0;1mSELECT * FROM "posts" WHERE ("posts"."id" = 1) [0m
Rendering template within layouts/application
Rendering posts/show
  [4;35;1mComment Load (0.3ms)[0m   [0mSELECT * FROM "comments" WHERE ("comments".post_id = 1) ORDER BY created_at ASC[0m
Completed in 54ms (View: 40, DB: 1) | 200 OK [http://localhost/posts/1]


Processing PostsController#show (for 127.0.0.1 at 2010-09-08 22:14:40) [GET]
  Parameters: {"id"=>"1"}
  [4;36;1mPost Load (0.3ms)[0m   [0;1mSELECT * FROM "posts" WHERE ("posts"."id" = 1) [0m
Rendering template within layouts/application
Rendering posts/show
  [4;35;1mComment Load (0.3ms)[0m   [0mSELECT * FROM "comments" WHERE ("comments".post_id = 1) ORDER BY created_at ASC[0m
Completed in 26ms (View: 16, DB: 1) | 200 OK [http://localhost/posts/1]


Processing PostsController#show (for 127.0.0.1 at 2010-09-08 22:16:41) [GET]
  Parameters: {"id"=>"1"}
  [4;36;1mPost Load (0.3ms)[0m   [0;1mSELECT * FROM "posts" WHERE ("posts"."id" = 1) [0m
Rendering template within layouts/application
Rendering posts/show
  [4;35;1mComment Load (0.3ms)[0m   [0mSELECT * FROM "comments" WHERE ("comments".post_id = 1) ORDER BY created_at ASC[0m
Completed in 34ms (View: 25, DB: 1) | 200 OK [http://localhost/posts/1]


Processing PostsController#show (for 127.0.0.1 at 2010-09-08 22:18:49) [GET]
  Parameters: {"id"=>"1"}
  [4;36;1mPost Load (0.3ms)[0m   [0;1mSELECT * FROM "posts" WHERE ("posts"."id" = 1) [0m
Rendering template within layouts/application
Rendering posts/show
  [4;35;1mComment Load (0.3ms)[0m   [0mSELECT * FROM "comments" WHERE ("comments".post_id = 1) ORDER BY created_at ASC[0m
Completed in 28ms (View: 17, DB: 1) | 200 OK [http://localhost/posts/1]


Processing PostsController#show (for 127.0.0.1 at 2010-09-08 22:28:08) [GET]
  Parameters: {"id"=>"1"}
  [4;36;1mPost Load (0.3ms)[0m   [0;1mSELECT * FROM "posts" WHERE ("posts"."id" = 1) [0m
Rendering template within layouts/application
Rendering posts/show
  [4;35;1mComment Load (0.3ms)[0m   [0mSELECT * FROM "comments" WHERE ("comments".post_id = 1) ORDER BY created_at ASC[0m
Completed in 27ms (View: 17, DB: 1) | 200 OK [http://localhost/posts/1]


Processing PostsController#show (for 127.0.0.1 at 2010-09-08 23:00:43) [GET]
  Parameters: {"id"=>"1"}
  [4;36;1mPost Load (0.3ms)[0m   [0;1mSELECT * FROM "posts" WHERE ("posts"."id" = 1) [0m
Rendering template within layouts/application
Rendering posts/show
  [4;35;1mComment Load (0.3ms)[0m   [0mSELECT * FROM "comments" WHERE ("comments".post_id = 1) ORDER BY created_at ASC[0m
Completed in 38ms (View: 28, DB: 1) | 200 OK [http://localhost/posts/1]


Processing PostsController#show (for 127.0.0.1 at 2010-09-08 23:11:27) [GET]
  Parameters: {"id"=>"1"}
  [4;36;1mPost Load (0.4ms)[0m   [0;1mSELECT * FROM "posts" WHERE ("posts"."id" = 1) [0m
Rendering template within layouts/application
Rendering posts/show
  [4;35;1mComment Load (0.4ms)[0m   [0mSELECT * FROM "comments" WHERE ("comments".post_id = 1) ORDER BY created_at ASC[0m
Completed in 125ms (View: 78, DB: 1) | 200 OK [http://localhost/posts/1]


Processing PostsController#show (for 127.0.0.1 at 2010-09-08 23:11:29) [GET]
  Parameters: {"id"=>"1"}
  [4;36;1mPost Load (0.5ms)[0m   [0;1mSELECT * FROM "posts" WHERE ("posts"."id" = 1) [0m
Rendering template within layouts/application
Rendering posts/show
  [4;35;1mComment Load (0.3ms)[0m   [0mSELECT * FROM "comments" WHERE ("comments".post_id = 1) ORDER BY created_at ASC[0m
Completed in 34ms (View: 22, DB: 1) | 200 OK [http://localhost/posts/1]


Processing CommentsController#create (for 127.0.0.1 at 2010-09-08 23:11:38) [POST]
  Parameters: {"comment"=>{"title"=>"123", "content"=>"123123"}, "post_id"=>"1", "authenticity_token"=>"f9JTGfmHX3Wknblc0dXgo0ECrgO3bozCYQfuaCxVke4="}
  [4;36;1mPost Load (0.3ms)[0m   [0;1mSELECT * FROM "posts" WHERE ("posts"."id" = 1) [0m
  [4;35;1mComment Create (0.8ms)[0m   [0mINSERT INTO "comments" ("created_at", "title", "updated_at", "post_id", "content") VALUES('2010-09-08 19:11:38', '123', '2010-09-08 19:11:38', 1, '123123')[0m
Rendered comments/_comment (17.9ms)
  [4;36;1mPost Load (0.3ms)[0m   [0;1mSELECT * FROM "posts" WHERE ("posts"."id" = 1) [0m
Completed in 84ms (View: 2, DB: 1) | 200 OK [http://localhost/posts/1/comments]


Processing PostsController#show (for 127.0.0.1 at 2010-09-08 23:12:32) [GET]
  Parameters: {"id"=>"1"}
  [4;35;1mPost Load (0.4ms)[0m   [0mSELECT * FROM "posts" WHERE ("posts"."id" = 1) [0m
Rendering template within layouts/application
Rendering posts/show
  [4;36;1mComment Load (0.4ms)[0m   [0;1mSELECT * FROM "comments" WHERE ("comments".post_id = 1) ORDER BY created_at ASC[0m
Rendered comments/_comment (24.9ms)
Completed in 72ms (View: 61, DB: 1) | 200 OK [http://localhost/posts/1]


Processing CommentsController#create (for 127.0.0.1 at 2010-09-08 23:12:46) [POST]
  Parameters: {"comment"=>{"title"=>"56456456", "content"=>"b.jdsljflksflksfs\naf\nasf\nas\nfasdf"}, "post_id"=>"1", "authenticity_token"=>"f9JTGfmHX3Wknblc0dXgo0ECrgO3bozCYQfuaCxVke4="}
  [4;35;1mPost Load (0.3ms)[0m   [0mSELECT * FROM "posts" WHERE ("posts"."id" = 1) [0m
  [4;36;1mComment Create (32.2ms)[0m   [0;1mINSERT INTO "comments" ("created_at", "title", "updated_at", "post_id", "content") VALUES('2010-09-08 19:12:46', '56456456', '2010-09-08 19:12:46', 1, 'b.jdsljflksflksfs
af
asf
as
fasdf')[0m
Rendered comments/_comment (1.0ms)
  [4;35;1mPost Load (0.3ms)[0m   [0mSELECT * FROM "posts" WHERE ("posts"."id" = 1) [0m
Completed in 81ms (View: 1, DB: 33) | 200 OK [http://localhost/posts/1/comments]


Processing CommentsController#create (for 127.0.0.1 at 2010-09-08 23:13:08) [POST]
  Parameters: {"comment"=>{"title"=>"cvxvxvxv", "content"=>"b.jdsljflksflksfs\naf\nasf\nas\nfasdf"}, "post_id"=>"1", "authenticity_token"=>"f9JTGfmHX3Wknblc0dXgo0ECrgO3bozCYQfuaCxVke4="}
  [4;36;1mPost Load (0.3ms)[0m   [0;1mSELECT * FROM "posts" WHERE ("posts"."id" = 1) [0m
  [4;35;1mComment Create (0.7ms)[0m   [0mINSERT INTO "comments" ("created_at", "title", "updated_at", "post_id", "content") VALUES('2010-09-08 19:13:08', 'cvxvxvxv', '2010-09-08 19:13:08', 1, 'b.jdsljflksflksfs
af
asf
as
fasdf')[0m
Rendered comments/_comment (1.0ms)
  [4;36;1mPost Load (0.3ms)[0m   [0;1mSELECT * FROM "posts" WHERE ("posts"."id" = 1) [0m
Completed in 38ms (View: 1, DB: 1) | 200 OK [http://localhost/posts/1/comments]


Processing CommentsController#create (for 127.0.0.1 at 2010-09-08 23:13:27) [POST]
  Parameters: {"comment"=>{"title"=>"vbvbvvbvbvbvbv", "content"=>"b.jdsljflksflksfs\naf\nasf\nas\nfasdf"}, "post_id"=>"1", "authenticity_token"=>"f9JTGfmHX3Wknblc0dXgo0ECrgO3bozCYQfuaCxVke4="}
  [4;35;1mPost Load (0.3ms)[0m   [0mSELECT * FROM "posts" WHERE ("posts"."id" = 1) [0m
  [4;36;1mComment Create (0.6ms)[0m   [0;1mINSERT INTO "comments" ("created_at", "title", "updated_at", "post_id", "content") VALUES('2010-09-08 19:13:27', 'vbvbvvbvbvbvbv', '2010-09-08 19:13:27', 1, 'b.jdsljflksflksfs
af
asf
as
fasdf')[0m
Rendered comments/_comment (0.9ms)
  [4;35;1mPost Load (0.3ms)[0m   [0mSELECT * FROM "posts" WHERE ("posts"."id" = 1) [0m
Completed in 196ms (View: 3, DB: 1) | 200 OK [http://localhost/posts/1/comments]


Processing PostsController#show (for 127.0.0.1 at 2010-09-08 23:13:36) [GET]
  Parameters: {"id"=>"1"}
  [4;36;1mPost Load (0.3ms)[0m   [0;1mSELECT * FROM "posts" WHERE ("posts"."id" = 1) [0m
Rendering template within layouts/application
Rendering posts/show
  [4;35;1mComment Load (0.6ms)[0m   [0mSELECT * FROM "comments" WHERE ("comments".post_id = 1) ORDER BY created_at ASC[0m
Rendered comments/_comment (0.2ms)
Rendered comments/_comment (0.1ms)
Rendered comments/_comment (0.1ms)
Rendered comments/_comment (0.1ms)
Completed in 529ms (View: 512, DB: 1) | 200 OK [http://localhost/posts/1]


Processing CommentsController#create (for 127.0.0.1 at 2010-09-08 23:13:52) [POST]
  Parameters: {"comment"=>{"title"=>"Hello", "content"=>"Hello test!"}, "post_id"=>"1", "authenticity_token"=>"gA4yBJ4AAOxwZjtd3i5nZSI9RQPtnwFx/jQ+Motnnh8="}
  [4;36;1mPost Load (0.3ms)[0m   [0;1mSELECT * FROM "posts" WHERE ("posts"."id" = 1) [0m
  [4;35;1mComment Create (0.6ms)[0m   [0mINSERT INTO "comments" ("created_at", "title", "updated_at", "post_id", "content") VALUES('2010-09-08 19:13:52', 'Hello', '2010-09-08 19:13:52', 1, 'Hello test!')[0m
Rendered comments/_comment (2.3ms)
  [4;36;1mPost Load (0.3ms)[0m   [0;1mSELECT * FROM "posts" WHERE ("posts"."id" = 1) [0m
Completed in 61ms (View: 2, DB: 1) | 200 OK [http://localhost/posts/1/comments]


Processing CommentsController#create (for 127.0.0.1 at 2010-09-08 23:14:11) [POST]
  Parameters: {"comment"=>{"title"=>"Hello", "content"=>"Hello test!"}, "post_id"=>"1", "authenticity_token"=>"gA4yBJ4AAOxwZjtd3i5nZSI9RQPtnwFx/jQ+Motnnh8="}
  [4;35;1mPost Load (0.3ms)[0m   [0mSELECT * FROM "posts" WHERE ("posts"."id" = 1) [0m
  [4;36;1mComment Create (0.6ms)[0m   [0;1mINSERT INTO "comments" ("created_at", "title", "updated_at", "post_id", "content") VALUES('2010-09-08 19:14:11', 'Hello', '2010-09-08 19:14:11', 1, 'Hello test!')[0m
Rendered comments/_comment (0.8ms)
  [4;35;1mPost Load (0.3ms)[0m   [0mSELECT * FROM "posts" WHERE ("posts"."id" = 1) [0m
Completed in 53ms (View: 1, DB: 1) | 200 OK [http://localhost/posts/1/comments]
